This file contains any messages produced by compilers while
running configure, to aid debugging if configure makes a mistake.

It was created by asp-test configure 1.0, which was
generated by GNU Autoconf 2.69.  Invocation command line was

  $ ./configure --no-create --no-recursion

## --------- ##
## Platform. ##
## --------- ##

hostname = debi
uname -m = x86_64
uname -r = 4.18.0-1-amd64
uname -s = Linux
uname -v = #1 SMP Debian 4.18.6-1 (2018-09-06)

/usr/bin/uname -p = unknown
/bin/uname -X     = unknown

/bin/arch              = unknown
/usr/bin/arch -k       = unknown
/usr/convex/getsysinfo = unknown
/usr/bin/hostinfo      = unknown
/bin/machine           = unknown
/usr/bin/oslevel       = unknown
/bin/universe          = unknown

PATH: ~/Qt/5.5/gcc_64/libexec;~/Qt/5.5/gcc_64/lib;~/Qt/5.5/gcc_64/bin; /usr/local/bin
PATH: /usr/bin
PATH: /bin
PATH: /usr/local/games
PATH: /usr/games
PATH: /home/bartek/bin
PATH: /usr/sbin
PATH: /sbin
PATH: /home/bartek/bin


## ----------- ##
## Core tests. ##
## ----------- ##

configure:1841: checking for a BSD-compatible install
configure:1909: result: /usr/bin/install -c
configure:1920: checking whether build environment is sane
configure:1975: result: yes
configure:2126: checking for a thread-safe mkdir -p
configure:2165: result: /bin/mkdir -p
configure:2172: checking for gawk
configure:2188: found /usr/bin/gawk
configure:2199: result: gawk
configure:2210: checking whether make sets $(MAKE)
configure:2232: result: yes
configure:2261: checking whether make supports nested variables
configure:2278: result: yes
configure:2465: checking for g++
configure:2481: found /usr/bin/g++
configure:2492: result: g++
configure:2519: checking for C++ compiler version
configure:2528: g++ --version >&5
g++ (Debian 8.2.0-7) 8.2.0
Copyright (C) 2018 Free Software Foundation, Inc.
This is free software; see the source for copying conditions.  There is NO
warranty; not even for MERCHANTABILITY or FITNESS FOR A PARTICULAR PURPOSE.

configure:2539: $? = 0
configure:2528: g++ -v >&5
Using built-in specs.
COLLECT_GCC=g++
COLLECT_LTO_WRAPPER=/usr/lib/gcc/x86_64-linux-gnu/8/lto-wrapper
OFFLOAD_TARGET_NAMES=nvptx-none
OFFLOAD_TARGET_DEFAULT=1
Target: x86_64-linux-gnu
Configured with: ../src/configure -v --with-pkgversion='Debian 8.2.0-7' --with-bugurl=file:///usr/share/doc/gcc-8/README.Bugs --enable-languages=c,ada,c++,go,brig,d,fortran,objc,obj-c++ --prefix=/usr --with-gcc-major-version-only --program-suffix=-8 --program-prefix=x86_64-linux-gnu- --enable-shared --enable-linker-build-id --libexecdir=/usr/lib --without-included-gettext --enable-threads=posix --libdir=/usr/lib --enable-nls --with-sysroot=/ --enable-clocale=gnu --enable-libstdcxx-debug --enable-libstdcxx-time=yes --with-default-libstdcxx-abi=new --enable-gnu-unique-object --disable-vtable-verify --enable-libmpx --enable-plugin --enable-default-pie --with-system-zlib --with-target-system-zlib --enable-objc-gc=auto --enable-multiarch --disable-werror --with-arch-32=i686 --with-abi=m64 --with-multilib-list=m32,m64,mx32 --enable-multilib --with-tune=generic --enable-offload-targets=nvptx-none --without-cuda-driver --enable-checking=release --build=x86_64-linux-gnu --host=x86_64-linux-gnu --target=x86_64-linux-gnu
Thread model: posix
gcc version 8.2.0 (Debian 8.2.0-7) 
configure:2539: $? = 0
configure:2528: g++ -V >&5
g++: error: unrecognized command line option '-V'
g++: fatal error: no input files
compilation terminated.
configure:2539: $? = 1
configure:2528: g++ -qversion >&5
g++: error: unrecognized command line option '-qversion'; did you mean '--version'?
g++: fatal error: no input files
compilation terminated.
configure:2539: $? = 1
configure:2559: checking whether the C++ compiler works
configure:2581: g++    conftest.cpp  >&5
configure:2585: $? = 0
configure:2633: result: yes
configure:2636: checking for C++ compiler default output file name
configure:2638: result: a.out
configure:2644: checking for suffix of executables
configure:2651: g++ -o conftest    conftest.cpp  >&5
configure:2655: $? = 0
configure:2677: result: 
configure:2699: checking whether we are cross compiling
configure:2707: g++ -o conftest    conftest.cpp  >&5
configure:2711: $? = 0
configure:2718: ./conftest
configure:2722: $? = 0
configure:2737: result: no
configure:2742: checking for suffix of object files
configure:2764: g++ -c   conftest.cpp >&5
configure:2768: $? = 0
configure:2789: result: o
configure:2793: checking whether we are using the GNU C++ compiler
configure:2812: g++ -c   conftest.cpp >&5
configure:2812: $? = 0
configure:2821: result: yes
configure:2830: checking whether g++ accepts -g
configure:2850: g++ -c -g  conftest.cpp >&5
configure:2850: $? = 0
configure:2891: result: yes
configure:2917: checking whether make supports the include directive
configure:2932: make -f confmf.GNU && cat confinc.out
make[1]: Entering directory '/home/bartek/Dokumenty/Programowanie/ksiazki_cwiczenia/Algorytmy_Struktury_Programy'
make[1]: Leaving directory '/home/bartek/Dokumenty/Programowanie/ksiazki_cwiczenia/Algorytmy_Struktury_Programy'
this is the am__doit target
configure:2935: $? = 0
configure:2954: result: yes (GNU style)
configure:2979: checking dependency style of g++
configure:3090: result: gcc3
configure:3219: checking that generated files are newer than configure
configure:3225: result: done
configure:3248: creating ./config.status

## ---------------- ##
## Cache variables. ##
## ---------------- ##

ac_cv_cxx_compiler_gnu=yes
ac_cv_env_CCC_set=
ac_cv_env_CCC_value=
ac_cv_env_CPPFLAGS_set=
ac_cv_env_CPPFLAGS_value=
ac_cv_env_CXXFLAGS_set=
ac_cv_env_CXXFLAGS_value=
ac_cv_env_CXX_set=
ac_cv_env_CXX_value=
ac_cv_env_LDFLAGS_set=
ac_cv_env_LDFLAGS_value=
ac_cv_env_LIBS_set=
ac_cv_env_LIBS_value=
ac_cv_env_build_alias_set=
ac_cv_env_build_alias_value=
ac_cv_env_host_alias_set=
ac_cv_env_host_alias_value=
ac_cv_env_target_alias_set=
ac_cv_env_target_alias_value=
ac_cv_objext=o
ac_cv_path_install='/usr/bin/install -c'
ac_cv_path_mkdir=/bin/mkdir
ac_cv_prog_AWK=gawk
ac_cv_prog_ac_ct_CXX=g++
ac_cv_prog_cxx_g=yes
ac_cv_prog_make_make_set=yes
am_cv_CXX_dependencies_compiler_type=gcc3
am_cv_make_support_nested_variables=yes

## ----------------- ##
## Output variables. ##
## ----------------- ##

ACLOCAL='${SHELL} /home/bartek/Dokumenty/Programowanie/ksiazki_cwiczenia/Algorytmy_Struktury_Programy/missing aclocal-1.16'
AMDEPBACKSLASH='\'
AMDEP_FALSE='#'
AMDEP_TRUE=''
AMTAR='$${TAR-tar}'
AM_BACKSLASH='\'
AM_DEFAULT_V='$(AM_DEFAULT_VERBOSITY)'
AM_DEFAULT_VERBOSITY='1'
AM_V='$(V)'
AUTOCONF='${SHELL} /home/bartek/Dokumenty/Programowanie/ksiazki_cwiczenia/Algorytmy_Struktury_Programy/missing autoconf'
AUTOHEADER='${SHELL} /home/bartek/Dokumenty/Programowanie/ksiazki_cwiczenia/Algorytmy_Struktury_Programy/missing autoheader'
AUTOMAKE='${SHELL} /home/bartek/Dokumenty/Programowanie/ksiazki_cwiczenia/Algorytmy_Struktury_Programy/missing automake-1.16'
AWK='gawk'
CPPFLAGS=''
CXX='g++'
CXXDEPMODE='depmode=gcc3'
CXXFLAGS='-g -O2'
CYGPATH_W='echo'
DEFS='-DHAVE_CONFIG_H'
DEPDIR='.deps'
ECHO_C=''
ECHO_N='-n'
ECHO_T=''
EXEEXT=''
INSTALL_DATA='${INSTALL} -m 644'
INSTALL_PROGRAM='${INSTALL}'
INSTALL_SCRIPT='${INSTALL}'
INSTALL_STRIP_PROGRAM='$(install_sh) -c -s'
LDFLAGS=''
LIBOBJS=''
LIBS=''
LTLIBOBJS=''
MAKEINFO='${SHELL} /home/bartek/Dokumenty/Programowanie/ksiazki_cwiczenia/Algorytmy_Struktury_Programy/missing makeinfo'
MKDIR_P='/bin/mkdir -p'
OBJEXT='o'
PACKAGE='asp-test'
PACKAGE_BUGREPORT=''
PACKAGE_NAME='asp-test'
PACKAGE_STRING='asp-test 1.0'
PACKAGE_TARNAME='asp-test'
PACKAGE_URL=''
PACKAGE_VERSION='1.0'
PATH_SEPARATOR=':'
SET_MAKE=''
SHELL='/bin/bash'
STRIP=''
VERSION='1.0'
ac_ct_CXX='g++'
am__EXEEXT_FALSE=''
am__EXEEXT_TRUE='#'
am__fastdepCXX_FALSE='#'
am__fastdepCXX_TRUE=''
am__include='include'
am__isrc=''
am__leading_dot='.'
am__nodep='_no'
am__quote=''
am__tar='$${TAR-tar} chof - "$$tardir"'
am__untar='$${TAR-tar} xf -'
bindir='${exec_prefix}/bin'
build_alias=''
datadir='${datarootdir}'
datarootdir='${prefix}/share'
docdir='${datarootdir}/doc/${PACKAGE_TARNAME}'
dvidir='${docdir}'
exec_prefix='${prefix}'
host_alias=''
htmldir='${docdir}'
includedir='${prefix}/include'
infodir='${datarootdir}/info'
install_sh='${SHELL} /home/bartek/Dokumenty/Programowanie/ksiazki_cwiczenia/Algorytmy_Struktury_Programy/install-sh'
libdir='${exec_prefix}/lib'
libexecdir='${exec_prefix}/libexec'
localedir='${datarootdir}/locale'
localstatedir='${prefix}/var'
mandir='${datarootdir}/man'
mkdir_p='$(MKDIR_P)'
oldincludedir='/usr/include'
pdfdir='${docdir}'
prefix='/usr/local'
program_transform_name='s,x,x,'
psdir='${docdir}'
runstatedir='${localstatedir}/run'
sbindir='${exec_prefix}/sbin'
sharedstatedir='${prefix}/com'
sysconfdir='${prefix}/etc'
target_alias=''

## ----------- ##
## confdefs.h. ##
## ----------- ##

/* confdefs.h */
#define PACKAGE_NAME "asp-test"
#define PACKAGE_TARNAME "asp-test"
#define PACKAGE_VERSION "1.0"
#define PACKAGE_STRING "asp-test 1.0"
#define PACKAGE_BUGREPORT ""
#define PACKAGE_URL ""
#define PACKAGE "asp-test"
#define VERSION "1.0"

configure: exit 0

## ---------------------- ##
## Running config.status. ##
## ---------------------- ##

This file was extended by asp-test config.status 1.0, which was
generated by GNU Autoconf 2.69.  Invocation command line was

  CONFIG_FILES    = 
  CONFIG_HEADERS  = 
  CONFIG_LINKS    = 
  CONFIG_COMMANDS = 
  $ ./config.status config.h

on debi

config.status:852: creating config.h
config.status:1033: config.h is unchanged

## ---------------------- ##
## Running config.status. ##
## ---------------------- ##

This file was extended by asp-test config.status 1.0, which was
generated by GNU Autoconf 2.69.  Invocation command line was

  CONFIG_FILES    = 
  CONFIG_HEADERS  = 
  CONFIG_LINKS    = 
  CONFIG_COMMANDS = 
  $ ./config.status 

on debi

config.status:852: creating Makefile
config.status:852: creating utests/Makefile
config.status:852: creating utests/utils/Makefile
config.status:852: creating utests/treesets/Makefile
config.status:852: creating utests/lists/Makefile
config.status:852: creating utests/hashsets/Makefile
config.status:852: creating includes/Makefile
config.status:852: creating includes/utils/Makefile
config.status:852: creating includes/asp_tree_maps/Makefile
config.status:852: creating includes/asp_test/Makefile
config.status:852: creating includes/asp_lists/Makefile
config.status:852: creating includes/asp_hashmaps/Makefile
config.status:852: creating config.h
config.status:1033: config.h is unchanged
config.status:1081: executing depfiles commands
config.status:1158: cd utests/utils       && sed -e '/# am--include-marker/d' Makefile         | make -f - am--depfiles
make[2]: Entering directory '/home/bartek/Dokumenty/Programowanie/ksiazki_cwiczenia/Algorytmy_Struktury_Programy/utests/utils'
make[2]: Nothing to be done for 'am--depfiles'.
make[2]: Leaving directory '/home/bartek/Dokumenty/Programowanie/ksiazki_cwiczenia/Algorytmy_Struktury_Programy/utests/utils'
config.status:1163: $? = 0
config.status:1158: cd utests/treesets       && sed -e '/# am--include-marker/d' Makefile         | make -f - am--depfiles
make[2]: Entering directory '/home/bartek/Dokumenty/Programowanie/ksiazki_cwiczenia/Algorytmy_Struktury_Programy/utests/treesets'
make[2]: Nothing to be done for 'am--depfiles'.
make[2]: Leaving directory '/home/bartek/Dokumenty/Programowanie/ksiazki_cwiczenia/Algorytmy_Struktury_Programy/utests/treesets'
config.status:1163: $? = 0
config.status:1158: cd utests/lists       && sed -e '/# am--include-marker/d' Makefile         | make -f - am--depfiles
make[2]: Entering directory '/home/bartek/Dokumenty/Programowanie/ksiazki_cwiczenia/Algorytmy_Struktury_Programy/utests/lists'
make[2]: Nothing to be done for 'am--depfiles'.
make[2]: Leaving directory '/home/bartek/Dokumenty/Programowanie/ksiazki_cwiczenia/Algorytmy_Struktury_Programy/utests/lists'
config.status:1163: $? = 0
config.status:1158: cd utests/hashsets       && sed -e '/# am--include-marker/d' Makefile         | make -f - am--depfiles
make[2]: Entering directory '/home/bartek/Dokumenty/Programowanie/ksiazki_cwiczenia/Algorytmy_Struktury_Programy/utests/hashsets'
make[2]: Nothing to be done for 'am--depfiles'.
make[2]: Leaving directory '/home/bartek/Dokumenty/Programowanie/ksiazki_cwiczenia/Algorytmy_Struktury_Programy/utests/hashsets'
config.status:1163: $? = 0
config.status:1081: executing default commands

## ---------------------- ##
## Running config.status. ##
## ---------------------- ##

This file was extended by asp-test config.status 1.0, which was
generated by GNU Autoconf 2.69.  Invocation command line was

  CONFIG_FILES    = 
  CONFIG_HEADERS  = 
  CONFIG_LINKS    = 
  CONFIG_COMMANDS = 
  $ ./config.status utests/treesets/Makefile depfiles

on debi

config.status:852: creating utests/treesets/Makefile
config.status:1081: executing depfiles commands
config.status:1158: cd utests/treesets       && sed -e '/# am--include-marker/d' Makefile         | make -f - am--depfiles
make[1]: Entering directory '/home/bartek/Dokumenty/Programowanie/ksiazki_cwiczenia/Algorytmy_Struktury_Programy/utests/treesets'
make[1]: Leaving directory '/home/bartek/Dokumenty/Programowanie/ksiazki_cwiczenia/Algorytmy_Struktury_Programy/utests/treesets'
config.status:1163: $? = 0

## ---------------------- ##
## Running config.status. ##
## ---------------------- ##

This file was extended by asp-test config.status 1.0, which was
generated by GNU Autoconf 2.69.  Invocation command line was

  CONFIG_FILES    = 
  CONFIG_HEADERS  = 
  CONFIG_LINKS    = 
  CONFIG_COMMANDS = 
  $ ./config.status utests/treesets/Makefile depfiles

on debi

config.status:852: creating utests/treesets/Makefile
config.status:1081: executing depfiles commands
config.status:1158: cd utests/treesets       && sed -e '/# am--include-marker/d' Makefile         | make -f - am--depfiles
make[1]: Entering directory '/home/bartek/Dokumenty/Programowanie/ksiazki_cwiczenia/Algorytmy_Struktury_Programy/utests/treesets'
make[1]: Leaving directory '/home/bartek/Dokumenty/Programowanie/ksiazki_cwiczenia/Algorytmy_Struktury_Programy/utests/treesets'
config.status:1163: $? = 0

## ---------------------- ##
## Running config.status. ##
## ---------------------- ##

This file was extended by asp-test config.status 1.0, which was
generated by GNU Autoconf 2.69.  Invocation command line was

  CONFIG_FILES    = 
  CONFIG_HEADERS  = 
  CONFIG_LINKS    = 
  CONFIG_COMMANDS = 
  $ ./config.status utests/treesets/Makefile depfiles

on debi

config.status:852: creating utests/treesets/Makefile
config.status:1081: executing depfiles commands
config.status:1158: cd utests/treesets       && sed -e '/# am--include-marker/d' Makefile         | make -f - am--depfiles
make[1]: Entering directory '/home/bartek/Dokumenty/Programowanie/ksiazki_cwiczenia/Algorytmy_Struktury_Programy/utests/treesets'
make[1]: Leaving directory '/home/bartek/Dokumenty/Programowanie/ksiazki_cwiczenia/Algorytmy_Struktury_Programy/utests/treesets'
config.status:1163: $? = 0
